  Application.cpp
d:\dev\hazel\hazel\src\hazel\layer.h(22): warning C4251: “Hazel::Layer::m_DebugName”: class“std::basic_string<char,std::char_traits<char>,std::allocator<char>>”需要有 dll 接口由 class“Hazel::Layer”的客户端使用
  d:\vs2017\vc\tools\msvc\14.16.27023\include\xstring(4373): note: 参见“std::basic_string<char,std::char_traits<char>,std::allocator<char>>”的声明
d:\dev\hazel\hazel\src\hazel\layerstack.h(24): warning C4251: “Hazel::LayerStack::m_Layers”: class“std::vector<Hazel::Layer *,std::allocator<_Ty>>”需要有 dll 接口由 class“Hazel::LayerStack”的客户端使用
          with
          [
              _Ty=Hazel::Layer *
          ]
  d:\dev\hazel\hazel\src\hazel\layerstack.h(20): note: 参见“std::vector<Hazel::Layer *,std::allocator<_Ty>>”的声明
          with
          [
              _Ty=Hazel::Layer *
          ]
d:\dev\hazel\hazel\src\hazel\layerstack.h(25): warning C4251: “Hazel::LayerStack::m_LayerInsert”: class“std::_Vector_iterator<std::_Vector_val<std::_Simple_types<_Ty>>>”需要有 dll 接口由 class“Hazel::LayerStack”的客户端使用
          with
          [
              _Ty=Hazel::Layer *
          ]
  d:\vs2017\vc\tools\msvc\14.16.27023\include\vector(416): note: 参见“std::_Vector_iterator<std::_Vector_val<std::_Simple_types<_Ty>>>”的声明
          with
          [
              _Ty=Hazel::Layer *
          ]
d:\dev\hazel\hazel\src\hazel\application.h(29): warning C4251: “Hazel::Application::m_Window”: class“std::unique_ptr<Hazel::Window,std::default_delete<_Ty>>”需要有 dll 接口由 class“Hazel::Application”的客户端使用
          with
          [
              _Ty=Hazel::Window
          ]
  d:\dev\hazel\hazel\src\hazel\application.h(29): note: 参见“std::unique_ptr<Hazel::Window,std::default_delete<_Ty>>”的声明
          with
          [
              _Ty=Hazel::Window
          ]
  ImGuiLayer.cpp
d:\dev\hazel\hazel\src\hazel\layer.h(22): warning C4251: “Hazel::Layer::m_DebugName”: class“std::basic_string<char,std::char_traits<char>,std::allocator<char>>”需要有 dll 接口由 class“Hazel::Layer”的客户端使用
  d:\vs2017\vc\tools\msvc\14.16.27023\include\xstring(4373): note: 参见“std::basic_string<char,std::char_traits<char>,std::allocator<char>>”的声明
d:\dev\hazel\hazel\src\hazel\layerstack.h(24): warning C4251: “Hazel::LayerStack::m_Layers”: class“std::vector<Hazel::Layer *,std::allocator<_Ty>>”需要有 dll 接口由 class“Hazel::LayerStack”的客户端使用
          with
          [
              _Ty=Hazel::Layer *
          ]
  d:\dev\hazel\hazel\src\hazel\layerstack.h(20): note: 参见“std::vector<Hazel::Layer *,std::allocator<_Ty>>”的声明
          with
          [
              _Ty=Hazel::Layer *
          ]
d:\dev\hazel\hazel\src\hazel\layerstack.h(25): warning C4251: “Hazel::LayerStack::m_LayerInsert”: class“std::_Vector_iterator<std::_Vector_val<std::_Simple_types<_Ty>>>”需要有 dll 接口由 class“Hazel::LayerStack”的客户端使用
          with
          [
              _Ty=Hazel::Layer *
          ]
  d:\vs2017\vc\tools\msvc\14.16.27023\include\vector(416): note: 参见“std::_Vector_iterator<std::_Vector_val<std::_Simple_types<_Ty>>>”的声明
          with
          [
              _Ty=Hazel::Layer *
          ]
d:\dev\hazel\hazel\src\hazel\application.h(29): warning C4251: “Hazel::Application::m_Window”: class“std::unique_ptr<Hazel::Window,std::default_delete<_Ty>>”需要有 dll 接口由 class“Hazel::Application”的客户端使用
          with
          [
              _Ty=Hazel::Window
          ]
  d:\dev\hazel\hazel\src\hazel\application.h(29): note: 参见“std::unique_ptr<Hazel::Window,std::default_delete<_Ty>>”的声明
          with
          [
              _Ty=Hazel::Window
          ]
d:\dev\hazel\hazel\src\hazel\imgui\imguilayer.cpp(68): warning C4244: “参数”: 从“unsigned int”转换到“float”，可能丢失数据
d:\dev\hazel\hazel\src\hazel\imgui\imguilayer.cpp(163): warning C4244: “参数”: 从“int”转换到“float”，可能丢失数据
  Layer.cpp
d:\dev\hazel\hazel\src\hazel\layer.h(22): warning C4251: “Hazel::Layer::m_DebugName”: class“std::basic_string<char,std::char_traits<char>,std::allocator<char>>”需要有 dll 接口由 class“Hazel::Layer”的客户端使用
  d:\vs2017\vc\tools\msvc\14.16.27023\include\xstring(4373): note: 参见“std::basic_string<char,std::char_traits<char>,std::allocator<char>>”的声明
  LayerStack.cpp
d:\dev\hazel\hazel\src\hazel\layer.h(22): warning C4251: “Hazel::Layer::m_DebugName”: class“std::basic_string<char,std::char_traits<char>,std::allocator<char>>”需要有 dll 接口由 class“Hazel::Layer”的客户端使用
  d:\vs2017\vc\tools\msvc\14.16.27023\include\xstring(4373): note: 参见“std::basic_string<char,std::char_traits<char>,std::allocator<char>>”的声明
d:\dev\hazel\hazel\src\hazel\layerstack.h(24): warning C4251: “Hazel::LayerStack::m_Layers”: class“std::vector<Hazel::Layer *,std::allocator<_Ty>>”需要有 dll 接口由 class“Hazel::LayerStack”的客户端使用
          with
          [
              _Ty=Hazel::Layer *
          ]
  d:\dev\hazel\hazel\src\hazel\layerstack.h(20): note: 参见“std::vector<Hazel::Layer *,std::allocator<_Ty>>”的声明
          with
          [
              _Ty=Hazel::Layer *
          ]
d:\dev\hazel\hazel\src\hazel\layerstack.h(25): warning C4251: “Hazel::LayerStack::m_LayerInsert”: class“std::_Vector_iterator<std::_Vector_val<std::_Simple_types<_Ty>>>”需要有 dll 接口由 class“Hazel::LayerStack”的客户端使用
          with
          [
              _Ty=Hazel::Layer *
          ]
  d:\vs2017\vc\tools\msvc\14.16.27023\include\vector(416): note: 参见“std::_Vector_iterator<std::_Vector_val<std::_Simple_types<_Ty>>>”的声明
          with
          [
              _Ty=Hazel::Layer *
          ]
  WindowsInput.cpp
d:\dev\hazel\hazel\src\hazel\layer.h(22): warning C4251: “Hazel::Layer::m_DebugName”: class“std::basic_string<char,std::char_traits<char>,std::allocator<char>>”需要有 dll 接口由 class“Hazel::Layer”的客户端使用
  d:\vs2017\vc\tools\msvc\14.16.27023\include\xstring(4373): note: 参见“std::basic_string<char,std::char_traits<char>,std::allocator<char>>”的声明
d:\dev\hazel\hazel\src\hazel\layerstack.h(24): warning C4251: “Hazel::LayerStack::m_Layers”: class“std::vector<Hazel::Layer *,std::allocator<_Ty>>”需要有 dll 接口由 class“Hazel::LayerStack”的客户端使用
          with
          [
              _Ty=Hazel::Layer *
          ]
  d:\dev\hazel\hazel\src\hazel\layerstack.h(20): note: 参见“std::vector<Hazel::Layer *,std::allocator<_Ty>>”的声明
          with
          [
              _Ty=Hazel::Layer *
          ]
d:\dev\hazel\hazel\src\hazel\layerstack.h(25): warning C4251: “Hazel::LayerStack::m_LayerInsert”: class“std::_Vector_iterator<std::_Vector_val<std::_Simple_types<_Ty>>>”需要有 dll 接口由 class“Hazel::LayerStack”的客户端使用
          with
          [
              _Ty=Hazel::Layer *
          ]
  d:\vs2017\vc\tools\msvc\14.16.27023\include\vector(416): note: 参见“std::_Vector_iterator<std::_Vector_val<std::_Simple_types<_Ty>>>”的声明
          with
          [
              _Ty=Hazel::Layer *
          ]
d:\dev\hazel\hazel\src\hazel\application.h(29): warning C4251: “Hazel::Application::m_Window”: class“std::unique_ptr<Hazel::Window,std::default_delete<_Ty>>”需要有 dll 接口由 class“Hazel::Application”的客户端使用
          with
          [
              _Ty=Hazel::Window
          ]
  d:\dev\hazel\hazel\src\hazel\application.h(29): note: 参见“std::unique_ptr<Hazel::Window,std::default_delete<_Ty>>”的声明
          with
          [
              _Ty=Hazel::Window
          ]
  WindowsWindow.cpp
  正在生成代码...
  Hazel.vcxproj -> D:\dev\Hazel\Hazel\..\bin\Debug-windows-\Hazel\Hazel.dll
